2014-03-07 20:53:11 [INFO] Starting minecraft server version 1.6.4
2014-03-07 20:53:11 [INFO] Loading properties
2014-03-07 20:53:11 [WARNING] server.properties does not exist
2014-03-07 20:53:11 [INFO] Generating new properties file
2014-03-07 20:53:12 [INFO] Default game type: SURVIVAL
2014-03-07 20:53:12 [INFO] Generating keypair
2014-03-07 20:53:14 [INFO] Starting Minecraft server on *:25565
2014-03-07 20:53:15 [INFO] This server is running CraftBukkit version git-Bukkit-1.6.4-R2.0-b2918jnks (MC: 1.6.4) (Implementing API version 1.6.4-R2.0)
2014-03-07 20:53:16 [WARNING] Failed to load operators list: java.io.FileNotFoundException: .\ops.txt (The system cannot find the file specified)
2014-03-07 20:53:16 [WARNING] Failed to load white-list: java.io.FileNotFoundException: .\white-list.txt (The system cannot find the file specified)
2014-03-07 20:53:16 [INFO] Preparing level "world"
2014-03-07 20:53:18 [INFO] Preparing start region for level 0 (Seed: -4639508223535243829)
2014-03-07 20:53:19 [INFO] Preparing spawn area: 0%
2014-03-07 20:53:20 [INFO] Preparing spawn area: 4%
2014-03-07 20:53:21 [INFO] Preparing spawn area: 4%
2014-03-07 20:53:22 [INFO] Preparing spawn area: 5%
2014-03-07 20:53:23 [INFO] Preparing spawn area: 9%
2014-03-07 20:53:24 [INFO] Preparing spawn area: 13%
2014-03-07 20:53:25 [INFO] Preparing spawn area: 20%
2014-03-07 20:53:26 [INFO] Preparing spawn area: 25%
2014-03-07 20:53:27 [INFO] Preparing spawn area: 30%
2014-03-07 20:53:28 [INFO] Preparing spawn area: 33%
2014-03-07 20:53:29 [INFO] Preparing spawn area: 39%
2014-03-07 20:53:30 [INFO] Preparing spawn area: 45%
2014-03-07 20:53:31 [INFO] Preparing spawn area: 51%
2014-03-07 20:53:32 [INFO] Preparing spawn area: 55%
2014-03-07 20:53:33 [INFO] Preparing spawn area: 60%
2014-03-07 20:53:34 [INFO] Preparing spawn area: 65%
2014-03-07 20:53:35 [INFO] Preparing spawn area: 71%
2014-03-07 20:53:37 [INFO] Preparing spawn area: 78%
2014-03-07 20:53:38 [INFO] Preparing spawn area: 85%
2014-03-07 20:53:39 [INFO] Preparing spawn area: 92%
2014-03-07 20:53:40 [INFO] Preparing spawn area: 99%
2014-03-07 20:53:40 [INFO] Preparing start region for level 1 (Seed: -4639508223535243829)
2014-03-07 20:53:41 [INFO] Preparing spawn area: 5%
2014-03-07 20:53:42 [INFO] Preparing spawn area: 14%
2014-03-07 20:53:44 [INFO] Preparing spawn area: 21%
2014-03-07 20:53:45 [INFO] Preparing spawn area: 29%
2014-03-07 20:53:46 [INFO] Preparing spawn area: 35%
2014-03-07 20:53:47 [INFO] Preparing spawn area: 43%
2014-03-07 20:53:48 [INFO] Preparing spawn area: 51%
2014-03-07 20:53:49 [INFO] Preparing spawn area: 63%
2014-03-07 20:53:50 [INFO] Preparing spawn area: 68%
2014-03-07 20:53:51 [INFO] Preparing spawn area: 80%
2014-03-07 20:53:53 [INFO] Preparing spawn area: 84%
2014-03-07 20:53:54 [INFO] Preparing spawn area: 86%
2014-03-07 20:53:55 [INFO] Preparing spawn area: 95%
2014-03-07 20:53:55 [INFO] Preparing start region for level 2 (Seed: -4639508223535243829)
2014-03-07 20:53:56 [INFO] Preparing spawn area: 20%
2014-03-07 20:53:57 [INFO] Preparing spawn area: 48%
2014-03-07 20:53:58 [INFO] Preparing spawn area: 71%
2014-03-07 20:53:59 [INFO] Done (43.676s)! For help, type "help" or "?"
2014-03-07 20:54:06 [WARNING] Can't keep up! Did the system time change, or is the server overloaded?
2014-03-07 20:56:09 [INFO] CONSOLE: Stopping the server..[m
2014-03-07 20:56:09 [INFO] Stopping server
2014-03-07 20:56:09 [WARNING] DSCT: socket closed
2014-03-07 20:56:09 [INFO] Closing listening thread
2014-03-07 20:56:09 [INFO] Saving players
2014-03-07 20:56:09 [INFO] Saving worlds
2014-03-07 20:56:09 [INFO] Saving chunks for level 'world'/Overworld
2014-03-07 20:56:11 [INFO] Saving chunks for level 'world_nether'/Nether
2014-03-07 20:56:11 [INFO] Saving chunks for level 'world_the_end'/The End
2014-03-07 21:11:51 [INFO] Starting minecraft server version 1.6.4
2014-03-07 21:11:51 [INFO] Loading properties
2014-03-07 21:11:51 [INFO] Default game type: SURVIVAL
2014-03-07 21:11:51 [INFO] Generating keypair
2014-03-07 21:11:53 [INFO] Starting Minecraft server on *:25565
2014-03-07 21:11:54 [INFO] This server is running CraftBukkit version git-Bukkit-1.6.4-R2.0-b2918jnks (MC: 1.6.4) (Implementing API version 1.6.4-R2.0)
2014-03-07 21:11:55 [INFO] Preparing level "world"
2014-03-07 21:11:56 [INFO] Preparing start region for level 0 (Seed: -4639508223535243829)
2014-03-07 21:11:57 [INFO] Preparing spawn area: 1%
2014-03-07 21:11:58 [INFO] Preparing spawn area: 28%
2014-03-07 21:11:59 [INFO] Preparing spawn area: 62%
2014-03-07 21:12:00 [INFO] Preparing spawn area: 81%
2014-03-07 21:12:01 [INFO] Preparing start region for level 1 (Seed: -4639508223535243829)
2014-03-07 21:12:02 [INFO] Preparing spawn area: 29%
2014-03-07 21:12:03 [INFO] Preparing spawn area: 54%
2014-03-07 21:12:04 [INFO] Preparing spawn area: 62%
2014-03-07 21:12:05 [INFO] Preparing spawn area: 88%
2014-03-07 21:12:06 [INFO] Preparing start region for level 2 (Seed: -4639508223535243829)
2014-03-07 21:12:07 [INFO] Preparing spawn area: 50%
2014-03-07 21:12:07 [INFO] Server permissions file permissions.yml is empty, ignoring it
2014-03-07 21:12:07 [INFO] Done (12.645s)! For help, type "help" or "?"
2014-03-07 21:12:12 [WARNING] Can't keep up! Did the system time change, or is the server overloaded?
2014-03-07 21:17:16 [WARNING] Can't keep up! Did the system time change, or is the server overloaded?
2014-03-07 21:17:17 [INFO] martinohanlon[/127.0.0.1:59081] logged in with entity id 1115 at ([world] 94.5, 75.0, 246.5)
2014-03-07 21:17:37 [WARNING] Can't keep up! Did the system time change, or is the server overloaded?
2014-03-07 21:18:40 [INFO] Connection reset
2014-03-07 21:18:40 [INFO] martinohanlon lost connection: disconnect.quitting
2014-03-07 21:18:40 [INFO] §emartinohanlon left the game.
2014-03-07 21:41:03 [INFO] CONSOLE: Stopping the server..[m
2014-03-07 21:41:03 [INFO] Stopping server
2014-03-07 21:41:03 [INFO] Saving players
2014-03-07 21:41:03 [WARNING] DSCT: socket closed
2014-03-07 21:41:03 [INFO] Saving worlds
2014-03-07 21:41:03 [INFO] Closing listening thread
2014-03-07 21:41:03 [INFO] Saving chunks for level 'world'/Overworld
2014-03-07 21:41:04 [INFO] Saving chunks for level 'world_nether'/Nether
2014-03-07 21:41:04 [INFO] Saving chunks for level 'world_the_end'/The End
2014-03-07 21:41:04 [INFO] Stopping server
2014-03-07 21:41:12 [INFO] Starting minecraft server version 1.6.4
2014-03-07 21:41:12 [INFO] Loading properties
2014-03-07 21:41:12 [INFO] Default game type: CREATIVE
2014-03-07 21:41:12 [INFO] Generating keypair
2014-03-07 21:41:13 [INFO] Starting Minecraft server on *:25565
2014-03-07 21:41:14 [INFO] This server is running CraftBukkit version git-Bukkit-1.6.4-R2.0-b2918jnks (MC: 1.6.4) (Implementing API version 1.6.4-R2.0)
2014-03-07 21:41:14 [INFO] Preparing level "world"
2014-03-07 21:41:15 [INFO] Preparing start region for level 0 (Seed: -4639508223535243829)
2014-03-07 21:41:16 [INFO] Preparing spawn area: 5%
2014-03-07 21:41:17 [INFO] Preparing spawn area: 55%
2014-03-07 21:41:18 [INFO] Preparing spawn area: 99%
2014-03-07 21:41:18 [INFO] Preparing start region for level 1 (Seed: -4639508223535243829)
2014-03-07 21:41:19 [INFO] Preparing spawn area: 59%
2014-03-07 21:41:20 [INFO] Preparing start region for level 2 (Seed: -4639508223535243829)
2014-03-07 21:41:20 [INFO] Server permissions file permissions.yml is empty, ignoring it
2014-03-07 21:41:20 [INFO] Done (6.054s)! For help, type "help" or "?"
2014-03-07 21:41:26 [WARNING] Can't keep up! Did the system time change, or is the server overloaded?
2014-03-07 21:41:45 [WARNING] Can't keep up! Did the system time change, or is the server overloaded?
2014-03-07 21:42:46 [INFO] martinohanlon[/127.0.0.1:59377] logged in with entity id 456 at ([world] 94.5, 75.0, 246.5)
2014-03-07 21:42:53 [WARNING] Can't keep up! Did the system time change, or is the server overloaded?
2014-03-07 21:43:01 [INFO] martinohanlon issued server command: /set time 6
2014-03-07 21:43:08 [INFO] martinohanlon issued server command: /time set 6
2014-03-07 21:43:17 [INFO] CONSOLE: Opped martinohanlon[m
2014-03-07 21:44:35 [INFO] martinohanlon issued server command: /time set 6
2014-03-07 21:44:35 [INFO] martinohanlon: Set time to 6[m
2014-03-07 21:44:49 [INFO] Connection reset
2014-03-07 21:44:49 [INFO] martinohanlon lost connection: disconnect.quitting
2014-03-07 21:44:50 [INFO] §emartinohanlon left the game.
2014-03-07 21:44:56 [INFO] CONSOLE: Stopping the server..[m
2014-03-07 21:44:56 [INFO] Stopping server
2014-03-07 21:44:56 [INFO] Saving players
2014-03-07 21:44:56 [WARNING] DSCT: socket closed
2014-03-07 21:44:56 [INFO] Saving worlds
2014-03-07 21:44:56 [INFO] Closing listening thread
2014-03-07 21:44:56 [INFO] Saving chunks for level 'world'/Overworld
2014-03-07 21:44:58 [INFO] Saving chunks for level 'world_nether'/Nether
2014-03-07 21:44:58 [INFO] Saving chunks for level 'world_the_end'/The End
2014-03-07 21:45:52 [INFO] Starting minecraft server version 1.6.4
2014-03-07 21:45:52 [INFO] Loading properties
2014-03-07 21:45:52 [INFO] Default game type: CREATIVE
2014-03-07 21:45:52 [INFO] Generating keypair
2014-03-07 21:45:53 [INFO] Starting Minecraft server on *:25565
2014-03-07 21:45:55 [INFO] This server is running CraftBukkit version git-Bukkit-1.6.4-R2.0-b2918jnks (MC: 1.6.4) (Implementing API version 1.6.4-R2.0)
2014-03-07 21:45:55 [INFO] Preparing level "world"
2014-03-07 21:45:56 [INFO] Preparing start region for level 0 (Seed: -4639508223535243829)
2014-03-07 21:45:57 [INFO] Preparing spawn area: 1%
2014-03-07 21:45:58 [INFO] Preparing spawn area: 35%
2014-03-07 21:45:59 [INFO] Preparing spawn area: 73%
2014-03-07 21:46:00 [INFO] Preparing start region for level 1 (Seed: -4639508223535243829)
2014-03-07 21:46:01 [INFO] Preparing spawn area: 45%
2014-03-07 21:46:02 [INFO] Preparing spawn area: 75%
2014-03-07 21:46:03 [INFO] Preparing start region for level 2 (Seed: -4639508223535243829)
2014-03-07 21:46:04 [INFO] Server permissions file permissions.yml is empty, ignoring it
2014-03-07 21:46:04 [INFO] Done (8.554s)! For help, type "help" or "?"
2014-03-07 21:46:08 [WARNING] Can't keep up! Did the system time change, or is the server overloaded?
2014-03-07 21:46:17 [INFO] martinohanlon[/127.0.0.1:59387] logged in with entity id 365 at ([world] 94.5, 75.0, 246.5)
2014-03-07 21:46:35 [INFO] martinohanlon lost connection: disconnect.quitting
2014-03-07 21:46:35 [INFO] Connection reset
2014-03-07 21:46:35 [INFO] §emartinohanlon left the game.
2014-03-07 21:51:08 [WARNING] Can't keep up! Did the system time change, or is the server overloaded?
2014-03-07 21:53:35 [INFO] CONSOLE: Stopping the server..[m
2014-03-07 21:53:35 [INFO] Stopping server
2014-03-07 21:53:35 [INFO] Saving players
2014-03-07 21:53:35 [WARNING] DSCT: socket closed
2014-03-07 21:53:35 [INFO] Saving worlds
2014-03-07 21:53:35 [INFO] Closing listening thread
2014-03-07 21:53:35 [INFO] Saving chunks for level 'world'/Overworld
2014-03-07 21:53:41 [INFO] Saving chunks for level 'world_nether'/Nether
2014-03-07 21:53:41 [INFO] Saving chunks for level 'world_the_end'/The End
2014-03-07 21:53:50 [INFO] Starting minecraft server version 1.6.4
2014-03-07 21:53:51 [INFO] Loading properties
2014-03-07 21:53:51 [INFO] Default game type: CREATIVE
2014-03-07 21:53:51 [INFO] Generating keypair
2014-03-07 21:53:53 [INFO] Starting Minecraft server on *:25565
2014-03-07 21:53:55 [INFO] This server is running CraftBukkit version git-Bukkit-1.6.4-R2.0-b2918jnks (MC: 1.6.4) (Implementing API version 1.6.4-R2.0)
2014-03-07 21:53:56 [INFO] Preparing level "world"
2014-03-07 21:53:58 [INFO] Preparing start region for level 0 (Seed: -4639508223535243829)
2014-03-07 21:53:59 [INFO] Preparing spawn area: 1%
2014-03-07 21:54:00 [INFO] Preparing spawn area: 19%
2014-03-07 21:54:01 [INFO] Preparing spawn area: 40%
2014-03-07 21:54:02 [INFO] Preparing spawn area: 66%
2014-03-07 21:54:03 [INFO] Preparing spawn area: 81%
2014-03-07 21:54:04 [INFO] Preparing start region for level 1 (Seed: -4639508223535243829)
2014-03-07 21:54:05 [INFO] Preparing spawn area: 44%
2014-03-07 21:54:06 [INFO] Preparing spawn area: 82%
2014-03-07 21:54:06 [INFO] Preparing start region for level 2 (Seed: -4639508223535243829)
2014-03-07 21:54:07 [INFO] Server permissions file permissions.yml is empty, ignoring it
2014-03-07 21:54:07 [INFO] Done (11.282s)! For help, type "help" or "?"
2014-03-07 21:54:14 [INFO] CONSOLE: Opped martinohanlon[m
2014-03-07 21:59:12 [WARNING] Can't keep up! Did the system time change, or is the server overloaded?
2014-03-07 22:07:30 [INFO] CONSOLE: Stopping the server..[m
2014-03-07 22:07:30 [INFO] Stopping server
2014-03-07 22:07:30 [INFO] Saving players
2014-03-07 22:07:30 [WARNING] DSCT: socket closed
2014-03-07 22:07:30 [INFO] Saving worlds
2014-03-07 22:07:30 [INFO] Closing listening thread
2014-03-07 22:07:30 [INFO] Saving chunks for level 'world'/Overworld
2014-03-07 22:07:41 [INFO] Saving chunks for level 'world_nether'/Nether
2014-03-07 22:07:41 [INFO] Saving chunks for level 'world_the_end'/The End
2014-03-07 22:07:41 [INFO] Stopping server
2014-03-07 22:07:41 [INFO] Saving players
2014-03-07 22:07:41 [INFO] Saving worlds
2014-03-07 22:07:41 [INFO] Saving chunks for level 'world'/Overworld
2014-03-07 22:07:41 [INFO] Saving chunks for level 'world_nether'/Nether
2014-03-09 22:02:07 [INFO] Starting minecraft server version 1.6.4
2014-03-09 22:02:07 [INFO] Loading properties
2014-03-09 22:02:07 [INFO] Default game type: CREATIVE
2014-03-09 22:02:07 [INFO] Generating keypair
2014-03-09 22:02:08 [INFO] Starting Minecraft server on *:25565
2014-03-09 22:02:10 [INFO] This server is running CraftBukkit version git-Bukkit-1.6.4-R2.0-b2918jnks (MC: 1.6.4) (Implementing API version 1.6.4-R2.0)
2014-03-09 22:02:10 [INFO] [RaspberryJuice] Loading RaspberryJuice v1.2
2014-03-09 22:02:10 [INFO] Preparing level "world"
2014-03-09 22:02:11 [INFO] Preparing start region for level 0 (Seed: -4639508223535243829)
2014-03-09 22:02:12 [INFO] Preparing spawn area: 3%
2014-03-09 22:02:13 [INFO] Preparing spawn area: 50%
2014-03-09 22:02:14 [INFO] Preparing spawn area: 87%
2014-03-09 22:02:14 [INFO] Preparing start region for level 1 (Seed: -4639508223535243829)
2014-03-09 22:02:15 [INFO] Preparing spawn area: 70%
2014-03-09 22:02:15 [INFO] Preparing start region for level 2 (Seed: -4639508223535243829)
2014-03-09 22:02:16 [INFO] [RaspberryJuice] Enabling RaspberryJuice v1.2
2014-03-09 22:02:16 [INFO] Server permissions file permissions.yml is empty, ignoring it
2014-03-09 22:02:16 [INFO] Done (6.043s)! For help, type "help" or "?"
2014-03-09 22:02:35 [INFO] CONSOLE: Stopping the server..[m
2014-03-09 22:02:35 [INFO] Stopping server
2014-03-09 22:02:35 [INFO] [RaspberryJuice] Disabling RaspberryJuice v1.2
2014-03-09 22:02:35 [SEVERE] java.net.SocketException: socket closed
2014-03-09 22:02:35 [WARNING] DSCT: socket closed
2014-03-09 22:02:35 [INFO] Closing listening thread
2014-03-09 22:02:35 [INFO] Saving players
2014-03-09 22:02:35 [INFO] Saving worlds
2014-03-09 22:02:35 [INFO] Saving chunks for level 'world'/Overworld
2014-03-09 22:02:35 [SEVERE] 	at java.net.DualStackPlainSocketImpl.accept0(Native Method)
2014-03-09 22:02:35 [SEVERE] 	at java.net.DualStackPlainSocketImpl.socketAccept(Unknown Source)
2014-03-09 22:02:35 [SEVERE] 	at java.net.AbstractPlainSocketImpl.accept(Unknown Source)
2014-03-09 22:02:35 [SEVERE] 	at java.net.PlainSocketImpl.accept(Unknown Source)
2014-03-09 22:02:35 [SEVERE] 	at java.net.ServerSocket.implAccept(Unknown Source)
2014-03-09 22:02:35 [SEVERE] 	at java.net.ServerSocket.accept(Unknown Source)
2014-03-09 22:02:35 [SEVERE] 	at net.zhuoweizhang.raspberryjuice.ServerListenerThread.run(ServerListenerThread.java:27)
2014-03-09 22:02:35 [SEVERE] 	at java.lang.Thread.run(Unknown Source)
2014-03-09 22:02:37 [INFO] Saving chunks for level 'world_nether'/Nether
2014-03-09 22:02:39 [INFO] Saving chunks for level 'world_the_end'/The End
2014-03-09 22:02:53 [INFO] Starting minecraft server version 1.6.4
2014-03-09 22:02:53 [INFO] Loading properties
2014-03-09 22:02:53 [INFO] Default game type: CREATIVE
2014-03-09 22:02:53 [INFO] Generating keypair
2014-03-09 22:02:54 [INFO] Starting Minecraft server on *:25565
2014-03-09 22:02:55 [INFO] This server is running CraftBukkit version git-Bukkit-1.6.4-R2.0-b2918jnks (MC: 1.6.4) (Implementing API version 1.6.4-R2.0)
2014-03-09 22:02:55 [INFO] [RaspberryJuice] Loading RaspberryJuice v1.2
2014-03-09 22:02:55 [INFO] Preparing level "world"
2014-03-09 22:02:56 [INFO] Preparing start region for level 0 (Seed: 1848793393572273633)
2014-03-09 22:02:58 [INFO] Preparing spawn area: 4%
2014-03-09 22:02:59 [INFO] Preparing spawn area: 5%
2014-03-09 22:03:00 [INFO] Preparing spawn area: 8%
2014-03-09 22:03:01 [INFO] Preparing spawn area: 10%
2014-03-09 22:03:02 [INFO] Preparing spawn area: 15%
2014-03-09 22:03:03 [INFO] Preparing spawn area: 21%
2014-03-09 22:03:04 [INFO] Preparing spawn area: 28%
2014-03-09 22:03:05 [INFO] Preparing spawn area: 34%
2014-03-09 22:03:06 [INFO] Preparing spawn area: 41%
2014-03-09 22:03:07 [INFO] Preparing spawn area: 47%
2014-03-09 22:03:08 [INFO] Preparing spawn area: 51%
2014-03-09 22:03:09 [INFO] Preparing spawn area: 57%
2014-03-09 22:03:10 [INFO] Preparing spawn area: 64%
2014-03-09 22:03:11 [INFO] Preparing spawn area: 72%
2014-03-09 22:03:12 [INFO] Preparing spawn area: 79%
2014-03-09 22:03:13 [INFO] Preparing spawn area: 84%
2014-03-09 22:03:14 [INFO] Preparing spawn area: 87%
2014-03-09 22:03:15 [INFO] Preparing spawn area: 95%
2014-03-09 22:03:16 [INFO] Preparing start region for level 1 (Seed: 1848793393572273633)
2014-03-09 22:03:17 [INFO] Preparing spawn area: 3%
2014-03-09 22:03:18 [INFO] Preparing spawn area: 10%
2014-03-09 22:03:19 [INFO] Preparing spawn area: 18%
2014-03-09 22:03:20 [INFO] Preparing spawn area: 21%
2014-03-09 22:03:21 [INFO] Preparing spawn area: 29%
2014-03-09 22:03:23 [INFO] Preparing spawn area: 34%
2014-03-09 22:03:25 [INFO] Preparing spawn area: 39%
2014-03-09 22:03:26 [INFO] Preparing spawn area: 49%
2014-03-09 22:03:27 [INFO] Preparing spawn area: 55%
2014-03-09 22:03:28 [INFO] Preparing spawn area: 63%
2014-03-09 22:03:29 [INFO] Preparing spawn area: 71%
2014-03-09 22:03:30 [INFO] Preparing spawn area: 78%
2014-03-09 22:03:31 [INFO] Preparing spawn area: 82%
2014-03-09 22:03:33 [INFO] Preparing spawn area: 88%
2014-03-09 22:03:34 [INFO] Preparing spawn area: 96%
2014-03-09 22:03:34 [INFO] Preparing start region for level 2 (Seed: 1848793393572273633)
2014-03-09 22:03:35 [INFO] Preparing spawn area: 18%
2014-03-09 22:03:36 [INFO] Preparing spawn area: 45%
2014-03-09 22:03:37 [INFO] Preparing spawn area: 67%
2014-03-09 22:03:38 [INFO] Preparing spawn area: 96%
2014-03-09 22:03:38 [INFO] [RaspberryJuice] Enabling RaspberryJuice v1.2
2014-03-09 22:03:38 [INFO] Server permissions file permissions.yml is empty, ignoring it
2014-03-09 22:03:38 [INFO] Done (43.085s)! For help, type "help" or "?"
2014-03-09 22:03:43 [WARNING] Can't keep up! Did the system time change, or is the server overloaded?
2018-03-07 13:24:30 [INFO] Starting minecraft server version 1.6.4
2018-03-07 13:24:30 [INFO] Loading properties
2018-03-07 13:24:30 [INFO] Default game type: CREATIVE
2018-03-07 13:24:30 [INFO] Generating keypair
2018-03-07 13:24:30 [INFO] Starting Minecraft server on *:25565
2018-03-07 13:24:30 [INFO] This server is running CraftBukkit version git-Bukkit-1.6.4-R2.0-b2918jnks (MC: 1.6.4) (Implementing API version 1.6.4-R2.0)
2018-03-07 13:24:30 [INFO] [RaspberryJuice] Loading RaspberryJuice v1.3
2018-03-07 13:24:30 [WARNING] **** SERVER IS RUNNING IN OFFLINE/INSECURE MODE!
2018-03-07 13:24:30 [WARNING] The server will make no attempt to authenticate usernames. Beware.
2018-03-07 13:24:30 [WARNING] While this makes the game possible to play without internet access, it also opens up the ability for hackers to connect with any username they choose.
2018-03-07 13:24:30 [WARNING] To change this, set "online-mode" to "true" in the server.properties file.
2018-03-07 13:24:30 [INFO] Preparing level "world"
2018-03-07 13:24:30 [INFO] Preparing start region for level 0 (Seed: -7697595087270304427)
2018-03-07 13:24:31 [INFO] Preparing spawn area: 17%
2018-03-07 13:24:32 [INFO] Preparing spawn area: 34%
2018-03-07 13:24:33 [INFO] Preparing spawn area: 52%
2018-03-07 13:24:34 [INFO] Preparing spawn area: 66%
2018-03-07 13:24:35 [INFO] Preparing spawn area: 82%
2018-03-07 13:24:36 [INFO] Preparing spawn area: 96%
2018-03-07 13:24:37 [INFO] Preparing start region for level 1 (Seed: -7697595087270304427)
2018-03-07 13:24:38 [INFO] Preparing spawn area: 15%
2018-03-07 13:24:39 [INFO] Preparing spawn area: 35%
2018-03-07 13:24:40 [INFO] Preparing spawn area: 54%
2018-03-07 13:24:41 [INFO] Preparing spawn area: 70%
2018-03-07 13:24:42 [INFO] Preparing spawn area: 88%
2018-03-07 13:24:43 [INFO] Preparing start region for level 2 (Seed: -7697595087270304427)
2018-03-07 13:24:44 [INFO] Preparing spawn area: 63%
2018-03-07 13:24:44 [INFO] [RaspberryJuice] Enabling RaspberryJuice v1.3
2018-03-07 13:24:44 [INFO] Server permissions file permissions.yml is empty, ignoring it
2018-03-07 13:24:44 [INFO] Done (14.226s)! For help, type "help" or "?"
2018-03-14 20:16:11 [INFO] Starting minecraft server version 1.6.4
2018-03-14 20:16:11 [INFO] Loading properties
2018-03-14 20:16:11 [INFO] Default game type: CREATIVE
2018-03-14 20:16:11 [INFO] Generating keypair
2018-03-14 20:16:12 [INFO] Starting Minecraft server on *:25565
2018-03-14 20:16:12 [INFO] This server is running CraftBukkit version git-Bukkit-1.6.4-R2.0-b2918jnks (MC: 1.6.4) (Implementing API version 1.6.4-R2.0)
2018-03-14 20:16:12 [INFO] [RaspberryJuice] Loading RaspberryJuice v1.3
2018-03-14 20:16:12 [WARNING] **** SERVER IS RUNNING IN OFFLINE/INSECURE MODE!
2018-03-14 20:16:12 [WARNING] The server will make no attempt to authenticate usernames. Beware.
2018-03-14 20:16:12 [WARNING] While this makes the game possible to play without internet access, it also opens up the ability for hackers to connect with any username they choose.
2018-03-14 20:16:12 [WARNING] To change this, set "online-mode" to "true" in the server.properties file.
2018-03-14 20:16:12 [INFO] Preparing level "world"
2018-03-14 20:16:13 [WARNING] Could not get information about this CraftBukkit version; perhaps you are running a custom one?: UnknownHostException
2018-03-14 20:16:13 [WARNING] Could not get latest artifact information: UnknownHostException
2018-03-14 20:16:13 [INFO] Preparing start region for level 0 (Seed: -7697595087270304427)
2018-03-14 20:16:14 [INFO] Preparing spawn area: 28%
2018-03-14 20:16:15 [INFO] Preparing start region for level 1 (Seed: -7697595087270304427)
2018-03-14 20:16:16 [INFO] Preparing spawn area: 50%
2018-03-14 20:16:16 [INFO] Preparing start region for level 2 (Seed: -7697595087270304427)
2018-03-14 20:16:17 [INFO] [RaspberryJuice] Enabling RaspberryJuice v1.3
2018-03-14 20:16:17 [INFO] Server permissions file permissions.yml is empty, ignoring it
2018-03-14 20:16:17 [INFO] Done (4.186s)! For help, type "help" or "?"
2018-03-14 20:23:38 [INFO] Stopping server
2018-03-14 20:40:34 [INFO] Starting minecraft server version 1.6.4
2018-03-14 20:40:34 [INFO] Loading properties
2018-03-14 20:40:34 [INFO] Default game type: CREATIVE
2018-03-14 20:40:34 [INFO] Generating keypair
2018-03-14 20:40:34 [INFO] Starting Minecraft server on *:25565
2018-03-14 20:40:35 [INFO] This server is running CraftBukkit version git-Bukkit-1.6.4-R2.0-b2918jnks (MC: 1.6.4) (Implementing API version 1.6.4-R2.0)
2018-03-14 20:40:35 [INFO] [RaspberryJuice] Loading RaspberryJuice v1.3
2018-03-14 20:40:35 [WARNING] **** SERVER IS RUNNING IN OFFLINE/INSECURE MODE!
2018-03-14 20:40:35 [WARNING] The server will make no attempt to authenticate usernames. Beware.
2018-03-14 20:40:35 [WARNING] While this makes the game possible to play without internet access, it also opens up the ability for hackers to connect with any username they choose.
2018-03-14 20:40:35 [WARNING] To change this, set "online-mode" to "true" in the server.properties file.
2018-03-14 20:40:35 [INFO] Preparing level "world"
2018-03-14 20:40:35 [INFO] Preparing start region for level 0 (Seed: -7697595087270304427)
2018-03-14 20:40:36 [INFO] Preparing start region for level 1 (Seed: -7697595087270304427)
2018-03-14 20:40:37 [INFO] Preparing start region for level 2 (Seed: -7697595087270304427)
2018-03-14 20:40:37 [INFO] [RaspberryJuice] Enabling RaspberryJuice v1.3
2018-03-14 20:40:37 [INFO] Server permissions file permissions.yml is empty, ignoring it
2018-03-14 20:40:37 [INFO] Done (2.404s)! For help, type "help" or "?"
2018-03-14 22:09:08 [INFO] Stopping server
2018-03-19 11:25:50 [INFO] Starting minecraft server version 1.6.4
2018-03-19 11:25:50 [INFO] Loading properties
2018-03-19 11:25:50 [INFO] Default game type: CREATIVE
2018-03-19 11:25:50 [INFO] Generating keypair
2018-03-19 11:25:50 [INFO] Starting Minecraft server on *:25565
2018-03-19 11:25:51 [INFO] This server is running CraftBukkit version git-Bukkit-1.6.4-R2.0-b2918jnks (MC: 1.6.4) (Implementing API version 1.6.4-R2.0)
2018-03-19 11:25:51 [INFO] [RaspberryJuice] Loading RaspberryJuice v1.3
2018-03-19 11:25:51 [WARNING] **** SERVER IS RUNNING IN OFFLINE/INSECURE MODE!
2018-03-19 11:25:51 [WARNING] The server will make no attempt to authenticate usernames. Beware.
2018-03-19 11:25:51 [WARNING] While this makes the game possible to play without internet access, it also opens up the ability for hackers to connect with any username they choose.
2018-03-19 11:25:51 [WARNING] To change this, set "online-mode" to "true" in the server.properties file.
2018-03-19 11:25:51 [INFO] Preparing level "world"
2018-03-19 11:25:51 [INFO] Preparing start region for level 0 (Seed: -7697595087270304427)
2018-03-19 11:25:52 [INFO] Preparing start region for level 1 (Seed: -7697595087270304427)
2018-03-19 11:25:53 [INFO] Preparing start region for level 2 (Seed: -7697595087270304427)
2018-03-19 11:25:54 [INFO] [RaspberryJuice] Enabling RaspberryJuice v1.3
2018-03-19 11:25:54 [INFO] Server permissions file permissions.yml is empty, ignoring it
2018-03-19 11:25:54 [INFO] Done (2.802s)! For help, type "help" or "?"
2018-03-19 11:25:54 [INFO] Unknown command. Type "help" for help.[m
2018-03-19 11:25:54 [INFO] Unknown command. Type "help" for help.[m
2018-03-19 11:25:54 [INFO] Unknown command. Type "help" for help.[m
2018-03-19 11:25:54 [INFO] Unknown command. Type "help" for help.[m
2018-03-19 11:25:54 [INFO] Unknown command. Type "help" for help.[m
2018-03-19 11:25:54 [INFO] Unknown command. Type "help" for help.[m
2018-03-19 11:25:54 [INFO] Unknown command. Type "help" for help.[m
2018-03-19 11:27:47 [INFO] Unknown command. Type "help" for help.[m
2018-03-19 11:27:47 [INFO] Unknown command. Type "help" for help.[m
2018-03-19 11:27:47 [INFO] Unknown command. Type "help" for help.[m
2018-03-19 11:27:47 [INFO] Unknown command. Type "help" for help.[m
2018-03-19 11:27:49 [INFO] Unknown command. Type "help" for help.[m
2018-03-19 11:27:50 [INFO] Unknown command. Type "help" for help.[m
2018-03-19 11:27:51 [INFO] Stopping server
2018-03-20 21:13:12 [INFO] Starting minecraft server version 1.6.4
2018-03-20 21:13:12 [INFO] Loading properties
2018-03-20 21:13:12 [INFO] Default game type: CREATIVE
2018-03-20 21:13:12 [INFO] Generating keypair
2018-03-20 21:13:13 [INFO] Starting Minecraft server on *:25565
2018-03-20 21:13:13 [INFO] This server is running CraftBukkit version git-Bukkit-1.6.4-R2.0-b2918jnks (MC: 1.6.4) (Implementing API version 1.6.4-R2.0)
2018-03-20 21:13:13 [INFO] [RaspberryJuice] Loading RaspberryJuice v1.3
2018-03-20 21:13:13 [WARNING] **** SERVER IS RUNNING IN OFFLINE/INSECURE MODE!
2018-03-20 21:13:13 [WARNING] The server will make no attempt to authenticate usernames. Beware.
2018-03-20 21:13:13 [WARNING] While this makes the game possible to play without internet access, it also opens up the ability for hackers to connect with any username they choose.
2018-03-20 21:13:13 [WARNING] To change this, set "online-mode" to "true" in the server.properties file.
2018-03-20 21:13:13 [INFO] Preparing level "world"
2018-03-20 21:13:13 [INFO] Preparing start region for level 0 (Seed: -7697595087270304427)
2018-03-20 21:13:14 [INFO] Preparing start region for level 1 (Seed: -7697595087270304427)
2018-03-20 21:13:14 [INFO] Preparing start region for level 2 (Seed: -7697595087270304427)
2018-03-20 21:13:15 [INFO] [RaspberryJuice] Enabling RaspberryJuice v1.3
2018-03-20 21:13:15 [INFO] Server permissions file permissions.yml is empty, ignoring it
2018-03-20 21:13:15 [INFO] Done (1.520s)! For help, type "help" or "?"
2018-03-21 10:46:06 [INFO] Starting minecraft server version 1.6.4
2018-03-21 10:46:06 [INFO] Loading properties
2018-03-21 10:46:07 [INFO] Default game type: CREATIVE
2018-03-21 10:46:07 [INFO] Generating keypair
2018-03-21 10:46:08 [INFO] Starting Minecraft server on *:25565
2018-03-21 10:46:09 [INFO] This server is running CraftBukkit version git-Bukkit-1.6.4-R2.0-b2918jnks (MC: 1.6.4) (Implementing API version 1.6.4-R2.0)
2018-03-21 10:46:09 [INFO] [RaspberryJuice] Loading RaspberryJuice v1.3
2018-03-21 10:46:09 [WARNING] **** SERVER IS RUNNING IN OFFLINE/INSECURE MODE!
2018-03-21 10:46:09 [WARNING] The server will make no attempt to authenticate usernames. Beware.
2018-03-21 10:46:09 [WARNING] While this makes the game possible to play without internet access, it also opens up the ability for hackers to connect with any username they choose.
2018-03-21 10:46:09 [WARNING] To change this, set "online-mode" to "true" in the server.properties file.
2018-03-21 10:46:09 [INFO] Preparing level "world"
2018-03-21 10:46:09 [INFO] Preparing start region for level 0 (Seed: -7697595087270304427)
2018-03-21 10:46:10 [INFO] Preparing start region for level 1 (Seed: -7697595087270304427)
2018-03-21 10:46:11 [INFO] Preparing start region for level 2 (Seed: -7697595087270304427)
2018-03-21 10:46:12 [INFO] Preparing spawn area: 95%
2018-03-21 10:46:12 [INFO] [RaspberryJuice] Enabling RaspberryJuice v1.3
2018-03-21 10:46:12 [INFO] Server permissions file permissions.yml is empty, ignoring it
2018-03-21 10:46:12 [INFO] Done (2.867s)! For help, type "help" or "?"
2018-03-31 17:38:23 [INFO] Starting minecraft server version 1.6.4
2018-03-31 17:38:23 [INFO] Loading properties
2018-03-31 17:38:23 [INFO] Default game type: CREATIVE
2018-03-31 17:38:23 [INFO] Generating keypair
2018-03-31 17:38:25 [INFO] Starting Minecraft server on *:25565
2018-03-31 17:38:27 [INFO] This server is running CraftBukkit version git-Bukkit-1.6.4-R2.0-b2918jnks (MC: 1.6.4) (Implementing API version 1.6.4-R2.0)
2018-03-31 17:38:28 [INFO] [RaspberryJuice] Loading RaspberryJuice v1.3
2018-03-31 17:38:28 [WARNING] **** SERVER IS RUNNING IN OFFLINE/INSECURE MODE!
2018-03-31 17:38:28 [WARNING] The server will make no attempt to authenticate usernames. Beware.
2018-03-31 17:38:28 [WARNING] While this makes the game possible to play without internet access, it also opens up the ability for hackers to connect with any username they choose.
2018-03-31 17:38:28 [WARNING] To change this, set "online-mode" to "true" in the server.properties file.
2018-03-31 17:38:28 [INFO] Preparing level "world"
2018-03-31 17:38:29 [INFO] Preparing start region for level 0 (Seed: -7697595087270304427)
2018-03-31 17:38:30 [INFO] Preparing start region for level 1 (Seed: -7697595087270304427)
2018-03-31 17:38:31 [INFO] Preparing start region for level 2 (Seed: -7697595087270304427)
2018-03-31 17:38:31 [INFO] [RaspberryJuice] Enabling RaspberryJuice v1.3
2018-03-31 17:38:31 [INFO] Server permissions file permissions.yml is empty, ignoring it
2018-03-31 17:38:32 [INFO] Done (3.261s)! For help, type "help" or "?"
2018-03-31 17:40:11 [INFO] mygame[/127.0.0.1:53576] logged in with entity id 42 at ([world] 84.5, 64.0, 302.5)
2018-03-31 17:40:24 [INFO] Unknown command. Type "help" for help.[m
2018-03-31 17:40:27 [INFO] [0;33;1m--------- [0;37;1mHelp: Index [0;33;1m---------------------------[m
2018-03-31 17:40:27 [INFO] [0;37;22mUse /help [n] to get page n of help.[m
2018-03-31 17:40:27 [INFO] [0;33;22mAliases: [0;37;1mLists command aliases[m
2018-03-31 17:40:27 [INFO] [0;33;22mBukkit: [0;37;1mAll commands for Bukkit[m
2018-03-31 17:40:27 [INFO] [0;33;22m/ban: [0;37;1mPrevents the specified player from using this server[m
2018-03-31 17:40:27 [INFO] [0;33;22m/ban-ip: [0;37;1mPrevents the specified IP address from using this server[m
2018-03-31 17:40:27 [INFO] [0;33;22m/banlist: [0;37;1mView all players banned from this server[m
2018-03-31 17:40:27 [INFO] [0;33;22m/clear: [0;37;1mClears the player's inventory. Can specify item and data filters too.[m
2018-03-31 17:40:27 [INFO] [0;33;22m/defaultgamemode: [0;37;1mSet the default gamemode[m
2018-03-31 17:40:27 [INFO] [0;33;22m/deop: [0;37;1mTakes the specified player's operator status[m
2018-03-31 17:40:27 [INFO] [0;33;22m/difficulty: [0;37;1mSets the game difficulty[m
2018-03-31 17:40:27 [INFO] [0;33;22m/effect: [0;37;1mAdds/Removes effects on players[m
2018-03-31 17:40:27 [INFO] [0;33;22m/enchant: [0;37;1mAdds enchantments to the item the player is currently holding. Specify 0 for the level to remove an enchantment. Specify force to ignore normal enchantment restrictions[m
2018-03-31 17:40:27 [INFO] [0;33;22m/gamemode: [0;37;1mChanges the player to a specific game mode[m
2018-03-31 17:40:27 [INFO] [0;33;22m/gamerule: [0;37;1mSets a server's game rules[m
2018-03-31 17:40:27 [INFO] [0;33;22m/give: [0;37;1mGives the specified player a certain amount of items[m
2018-03-31 17:40:27 [INFO] [0;33;22m/help: [0;37;1mShows the help menu[m
2018-03-31 17:40:27 [INFO] [0;33;22m/kick: [0;37;1mRemoves the specified player from the server[m
2018-03-31 17:40:27 [INFO] [0;33;22m/kill: [0;37;1mCommits suicide, only usable as a player[m
2018-03-31 17:40:27 [INFO] [0;33;22m/list: [0;37;1mLists all online players[m
2018-03-31 17:40:27 [INFO] [0;33;22m/me: [0;37;1mPerforms the specified action in chat[m
2018-03-31 17:40:27 [INFO] [0;33;22m/op: [0;37;1mGives the specified player operator status[m
2018-03-31 17:40:27 [INFO] [0;33;22m/pardon: [0;37;1mAllows the specified player to use this server[m
2018-03-31 17:40:27 [INFO] [0;33;22m/pardon-ip: [0;37;1mAllows the specified IP address to use this server[m
2018-03-31 17:40:27 [INFO] [0;33;22m/playsound: [0;37;1mPlays a sound to a given player[m
2018-03-31 17:40:27 [INFO] [0;33;22m/plugins: [0;37;1mGets a list of plugins running on the server[m
2018-03-31 17:40:27 [INFO] [0;33;22m/reload: [0;37;1mReloads the server configuration and plugins[m
2018-03-31 17:40:27 [INFO] [0;33;22m/save-all: [0;37;1mSaves the server to disk[m
2018-03-31 17:40:27 [INFO] [0;33;22m/save-off: [0;37;1mDisables server autosaving[m
2018-03-31 17:40:27 [INFO] [0;33;22m/save-on: [0;37;1mEnables server autosaving[m
2018-03-31 17:40:27 [INFO] [0;33;22m/say: [0;37;1mBroadcasts the given message as the console[m
2018-03-31 17:40:27 [INFO] [0;33;22m/scoreboard: [0;37;1mScoreboard control[m
2018-03-31 17:40:27 [INFO] [0;33;22m/seed: [0;37;1mShows the world seed[m
2018-03-31 17:40:27 [INFO] [0;33;22m/spawnpoint: [0;37;1mSets a player's spawn point[m
2018-03-31 17:40:27 [INFO] [0;33;22m/spreadplayers: [0;37;1mSpreads players around a point[m
2018-03-31 17:40:27 [INFO] [0;33;22m/stop: [0;37;1mStops the server with optional reason[m
2018-03-31 17:40:27 [INFO] [0;33;22m/tell: [0;37;1mSends a private message to the given player[m
2018-03-31 17:40:27 [INFO] [0;33;22m/testfor: [0;37;1mTests whether a specifed player is online[m
2018-03-31 17:40:27 [INFO] [0;33;22m/time: [0;37;1mChanges the time on each world[m
2018-03-31 17:40:27 [INFO] [0;33;22m/timings: [0;37;1mRecords timings for all plugin events[m
2018-03-31 17:40:27 [INFO] [0;33;22m/toggledownfall: [0;37;1mToggles rain on/off on a given world[m
2018-03-31 17:40:27 [INFO] [0;33;22m/tp: [0;37;1mTeleports the given player (or yourself) to another player or coordinates[m
2018-03-31 17:40:27 [INFO] [0;33;22m/version: [0;37;1mGets the version of this server including any plugins in use[m
2018-03-31 17:40:27 [INFO] [0;33;22m/weather: [0;37;1mChanges the weather[m
2018-03-31 17:40:27 [INFO] [0;33;22m/whitelist: [0;37;1mManages the list of players allowed to use this server[m
2018-03-31 17:40:27 [INFO] [0;33;22m/xp: [0;37;1mGives the specified player a certain amount of experience. Specify <amount>L to give levels instead, with a negative amount resulting in taking levels.[m
2018-03-31 17:40:34 [INFO] Unknown command. Type "help" for help.[m
2018-03-31 17:40:37 [INFO] Unknown command. Type "help" for help.[m
2018-03-31 17:40:37 [INFO] Unknown command. Type "help" for help.[m
2018-03-31 17:40:37 [INFO] Unknown command. Type "help" for help.[m
2018-03-31 17:40:39 [INFO] [0;33;1m--------- [0;37;1mHelp: Index [0;33;1m---------------------------[m
2018-03-31 17:40:39 [INFO] [0;37;22mUse /help [n] to get page n of help.[m
2018-03-31 17:40:39 [INFO] [0;33;22mAliases: [0;37;1mLists command aliases[m
2018-03-31 17:40:39 [INFO] [0;33;22mBukkit: [0;37;1mAll commands for Bukkit[m
2018-03-31 17:40:39 [INFO] [0;33;22m/ban: [0;37;1mPrevents the specified player from using this server[m
2018-03-31 17:40:39 [INFO] [0;33;22m/ban-ip: [0;37;1mPrevents the specified IP address from using this server[m
2018-03-31 17:40:39 [INFO] [0;33;22m/banlist: [0;37;1mView all players banned from this server[m
2018-03-31 17:40:39 [INFO] [0;33;22m/clear: [0;37;1mClears the player's inventory. Can specify item and data filters too.[m
2018-03-31 17:40:39 [INFO] [0;33;22m/defaultgamemode: [0;37;1mSet the default gamemode[m
2018-03-31 17:40:39 [INFO] [0;33;22m/deop: [0;37;1mTakes the specified player's operator status[m
2018-03-31 17:40:39 [INFO] [0;33;22m/difficulty: [0;37;1mSets the game difficulty[m
2018-03-31 17:40:39 [INFO] [0;33;22m/effect: [0;37;1mAdds/Removes effects on players[m
2018-03-31 17:40:39 [INFO] [0;33;22m/enchant: [0;37;1mAdds enchantments to the item the player is currently holding. Specify 0 for the level to remove an enchantment. Specify force to ignore normal enchantment restrictions[m
2018-03-31 17:40:39 [INFO] [0;33;22m/gamemode: [0;37;1mChanges the player to a specific game mode[m
2018-03-31 17:40:39 [INFO] [0;33;22m/gamerule: [0;37;1mSets a server's game rules[m
2018-03-31 17:40:39 [INFO] [0;33;22m/give: [0;37;1mGives the specified player a certain amount of items[m
2018-03-31 17:40:39 [INFO] [0;33;22m/help: [0;37;1mShows the help menu[m
2018-03-31 17:40:39 [INFO] [0;33;22m/kick: [0;37;1mRemoves the specified player from the server[m
2018-03-31 17:40:39 [INFO] [0;33;22m/kill: [0;37;1mCommits suicide, only usable as a player[m
2018-03-31 17:40:39 [INFO] [0;33;22m/list: [0;37;1mLists all online players[m
2018-03-31 17:40:39 [INFO] [0;33;22m/me: [0;37;1mPerforms the specified action in chat[m
2018-03-31 17:40:39 [INFO] [0;33;22m/op: [0;37;1mGives the specified player operator status[m
2018-03-31 17:40:39 [INFO] [0;33;22m/pardon: [0;37;1mAllows the specified player to use this server[m
2018-03-31 17:40:39 [INFO] [0;33;22m/pardon-ip: [0;37;1mAllows the specified IP address to use this server[m
2018-03-31 17:40:39 [INFO] [0;33;22m/playsound: [0;37;1mPlays a sound to a given player[m
2018-03-31 17:40:39 [INFO] [0;33;22m/plugins: [0;37;1mGets a list of plugins running on the server[m
2018-03-31 17:40:39 [INFO] [0;33;22m/reload: [0;37;1mReloads the server configuration and plugins[m
2018-03-31 17:40:39 [INFO] [0;33;22m/save-all: [0;37;1mSaves the server to disk[m
2018-03-31 17:40:39 [INFO] [0;33;22m/save-off: [0;37;1mDisables server autosaving[m
2018-03-31 17:40:39 [INFO] [0;33;22m/save-on: [0;37;1mEnables server autosaving[m
2018-03-31 17:40:39 [INFO] [0;33;22m/say: [0;37;1mBroadcasts the given message as the console[m
2018-03-31 17:40:39 [INFO] [0;33;22m/scoreboard: [0;37;1mScoreboard control[m
2018-03-31 17:40:39 [INFO] [0;33;22m/seed: [0;37;1mShows the world seed[m
2018-03-31 17:40:39 [INFO] [0;33;22m/spawnpoint: [0;37;1mSets a player's spawn point[m
2018-03-31 17:40:39 [INFO] [0;33;22m/spreadplayers: [0;37;1mSpreads players around a point[m
2018-03-31 17:40:39 [INFO] [0;33;22m/stop: [0;37;1mStops the server with optional reason[m
2018-03-31 17:40:39 [INFO] [0;33;22m/tell: [0;37;1mSends a private message to the given player[m
2018-03-31 17:40:39 [INFO] [0;33;22m/testfor: [0;37;1mTests whether a specifed player is online[m
2018-03-31 17:40:39 [INFO] [0;33;22m/time: [0;37;1mChanges the time on each world[m
2018-03-31 17:40:39 [INFO] [0;33;22m/timings: [0;37;1mRecords timings for all plugin events[m
2018-03-31 17:40:39 [INFO] [0;33;22m/toggledownfall: [0;37;1mToggles rain on/off on a given world[m
2018-03-31 17:40:39 [INFO] [0;33;22m/tp: [0;37;1mTeleports the given player (or yourself) to another player or coordinates[m
2018-03-31 17:40:39 [INFO] [0;33;22m/version: [0;37;1mGets the version of this server including any plugins in use[m
2018-03-31 17:40:39 [INFO] [0;33;22m/weather: [0;37;1mChanges the weather[m
2018-03-31 17:40:39 [INFO] [0;33;22m/whitelist: [0;37;1mManages the list of players allowed to use this server[m
2018-03-31 17:40:39 [INFO] [0;33;22m/xp: [0;37;1mGives the specified player a certain amount of experience. Specify <amount>L to give levels instead, with a negative amount resulting in taking levels.[m
2018-03-31 17:40:40 [INFO] Unknown command. Type "help" for help.[m
2018-03-31 17:40:40 [INFO] Unknown command. Type "help" for help.[m
2018-03-31 17:40:40 [INFO] Unknown command. Type "help" for help.[m
2018-03-31 17:40:48 [INFO] [0;31;1mUsage: /weather <clear/rain/thunder> [duration in seconds][m
2018-03-31 17:40:56 [INFO] CONSOLE: Changed weather to rainy for 765 seconds.[m
2018-03-31 17:41:34 [INFO] CONSOLE: Changed weather to clear for 482 seconds.[m
2018-03-31 17:41:55 [INFO] CONSOLE: Changed weather to rainy for 335 seconds.[m
2018-03-31 17:42:48 [INFO] CONSOLE: Changed weather to clear for 789 seconds.[m
2018-03-31 17:51:57 [INFO] Starting input thread!
2018-03-31 17:51:57 [INFO] [RaspberryJuice] Opened connection to/127.0.0.1:53986.
2018-03-31 17:51:57 [INFO] Starting output thread!
2018-03-31 17:53:12 [INFO] [RaspberryJuice] Closed connection to/127.0.0.1:53986.
2018-03-31 17:53:12 [INFO] [RaspberryJuice] Opened connection to/127.0.0.1:54010.
2018-03-31 17:53:12 [INFO] Starting input thread!
2018-03-31 17:53:12 [INFO] Starting output thread!
2018-03-31 17:53:15 [INFO] [RaspberryJuice] Opened connection to/127.0.0.1:54011.
2018-03-31 17:53:15 [INFO] Starting output thread!
2018-03-31 17:53:15 [INFO] Starting input thread!
2018-03-31 17:53:15 [INFO] [RaspberryJuice] Closed connection to/127.0.0.1:54010.
2018-03-31 17:53:52 [INFO] [RaspberryJuice] Closed connection to/127.0.0.1:54011.
2018-03-31 17:53:52 [INFO] [RaspberryJuice] Opened connection to/127.0.0.1:54019.
2018-03-31 17:53:52 [INFO] Starting input thread!
2018-03-31 17:53:52 [INFO] Starting output thread!
2018-03-31 17:53:55 [INFO] [RaspberryJuice] Opened connection to/127.0.0.1:54021.
2018-03-31 17:53:55 [INFO] Starting input thread!
2018-03-31 17:53:55 [INFO] Starting output thread!
2018-03-31 17:53:55 [INFO] [RaspberryJuice] Closed connection to/127.0.0.1:54019.
2018-03-31 17:53:58 [INFO] [RaspberryJuice] Opened connection to/127.0.0.1:54022.
2018-03-31 17:53:58 [INFO] Starting output thread!
2018-03-31 17:53:58 [INFO] Starting input thread!
2018-03-31 17:53:58 [INFO] [RaspberryJuice] Closed connection to/127.0.0.1:54021.
2018-03-31 17:54:15 [INFO] Connection reset
2018-03-31 17:54:15 [INFO] mygame lost connection: disconnect.endOfStream
2018-03-31 17:54:15 [INFO] ¡ìemygame left the game.
2018-03-31 17:54:28 [INFO] [RaspberryJuice] Closed connection to/127.0.0.1:54022.
2018-04-01 17:03:55 [INFO] Starting minecraft server version 1.6.4
2018-04-01 17:03:55 [INFO] Loading properties
2018-04-01 17:03:56 [INFO] Default game type: CREATIVE
2018-04-01 17:03:56 [INFO] Generating keypair
2018-04-01 17:03:56 [INFO] Starting Minecraft server on *:25565
2018-04-01 17:03:56 [INFO] This server is running CraftBukkit version git-Bukkit-1.6.4-R2.0-b2918jnks (MC: 1.6.4) (Implementing API version 1.6.4-R2.0)
2018-04-01 17:03:56 [INFO] [RaspberryJuice] Loading RaspberryJuice v1.3
2018-04-01 17:03:56 [WARNING] **** SERVER IS RUNNING IN OFFLINE/INSECURE MODE!
2018-04-01 17:03:56 [WARNING] The server will make no attempt to authenticate usernames. Beware.
2018-04-01 17:03:56 [WARNING] While this makes the game possible to play without internet access, it also opens up the ability for hackers to connect with any username they choose.
2018-04-01 17:03:56 [WARNING] To change this, set "online-mode" to "true" in the server.properties file.
2018-04-01 17:03:56 [INFO] Preparing level "world"
2018-04-01 17:03:56 [INFO] Preparing start region for level 0 (Seed: -7697595087270304427)
2018-04-01 17:03:57 [INFO] Preparing start region for level 1 (Seed: -7697595087270304427)
2018-04-01 17:03:57 [INFO] Preparing start region for level 2 (Seed: -7697595087270304427)
2018-04-01 17:03:57 [INFO] [RaspberryJuice] Enabling RaspberryJuice v1.3
2018-04-01 17:03:57 [INFO] Server permissions file permissions.yml is empty, ignoring it
2018-04-01 17:03:57 [INFO] Done (1.448s)! For help, type "help" or "?"
2018-04-01 17:04:34 [INFO] mygame[/127.0.0.1:57206] logged in with entity id 52 at ([world] 103.0, 69.0, 398.0)
2018-04-01 17:04:56 [INFO] Connection reset
2018-04-01 17:04:56 [INFO] mygame lost connection: disconnect.endOfStream
2018-04-01 17:04:56 [INFO] ¡ìemygame left the game.
2018-04-01 17:06:04 [INFO] Starting minecraft server version 1.6.4
2018-04-01 17:06:04 [INFO] Loading properties
2018-04-01 17:06:04 [INFO] Default game type: CREATIVE
2018-04-01 17:06:04 [INFO] Generating keypair
2018-04-01 17:06:05 [INFO] Starting Minecraft server on *:25565
2018-04-01 17:06:05 [INFO] This server is running CraftBukkit version git-Bukkit-1.6.4-R2.0-b2918jnks (MC: 1.6.4) (Implementing API version 1.6.4-R2.0)
2018-04-01 17:06:05 [INFO] [RaspberryJuice] Loading RaspberryJuice v1.3
2018-04-01 17:06:05 [WARNING] **** SERVER IS RUNNING IN OFFLINE/INSECURE MODE!
2018-04-01 17:06:05 [WARNING] The server will make no attempt to authenticate usernames. Beware.
2018-04-01 17:06:05 [WARNING] While this makes the game possible to play without internet access, it also opens up the ability for hackers to connect with any username they choose.
2018-04-01 17:06:05 [WARNING] To change this, set "online-mode" to "true" in the server.properties file.
2018-04-01 17:06:05 [INFO] Preparing level "world"
2018-04-01 17:06:05 [INFO] Preparing start region for level 0 (Seed: -7697595087270304427)
2018-04-01 17:06:06 [INFO] Preparing start region for level 1 (Seed: -7697595087270304427)
2018-04-01 17:06:06 [INFO] Preparing start region for level 2 (Seed: -7697595087270304427)
2018-04-01 17:06:06 [INFO] [RaspberryJuice] Enabling RaspberryJuice v1.3
2018-04-01 17:06:06 [INFO] Server permissions file permissions.yml is empty, ignoring it
2018-04-01 17:06:06 [INFO] Done (1.387s)! For help, type "help" or "?"
2018-04-01 17:06:28 [INFO] mygame[/127.0.0.1:57293] logged in with entity id 57 at ([world] 103.0, 69.0, 398.0)
2018-04-01 17:06:40 [INFO] Starting input thread!
2018-04-01 17:06:40 [INFO] [RaspberryJuice] Opened connection to/127.0.0.1:57302.
2018-04-01 17:06:40 [INFO] Starting output thread!
2018-04-01 17:07:41 [INFO] Connection reset
2018-04-01 17:07:41 [INFO] mygame lost connection: disconnect.endOfStream
2018-04-01 17:07:41 [INFO] ¡ìemygame left the game.
2018-04-01 17:07:48 [INFO] [RaspberryJuice] Closed connection to/127.0.0.1:57302.
2018-04-01 17:09:21 [INFO] Starting minecraft server version 1.6.4
2018-04-01 17:09:21 [INFO] Loading properties
2018-04-01 17:09:21 [INFO] Default game type: CREATIVE
2018-04-01 17:09:21 [INFO] Generating keypair
2018-04-01 17:09:21 [INFO] Starting Minecraft server on *:25565
2018-04-01 17:09:22 [INFO] This server is running CraftBukkit version git-Bukkit-1.6.4-R2.0-b2918jnks (MC: 1.6.4) (Implementing API version 1.6.4-R2.0)
2018-04-01 17:09:22 [INFO] [RaspberryJuice] Loading RaspberryJuice v1.3
2018-04-01 17:09:22 [WARNING] **** SERVER IS RUNNING IN OFFLINE/INSECURE MODE!
2018-04-01 17:09:22 [WARNING] The server will make no attempt to authenticate usernames. Beware.
2018-04-01 17:09:22 [WARNING] While this makes the game possible to play without internet access, it also opens up the ability for hackers to connect with any username they choose.
2018-04-01 17:09:22 [WARNING] To change this, set "online-mode" to "true" in the server.properties file.
2018-04-01 17:09:22 [INFO] Preparing level "world"
2018-04-01 17:09:22 [INFO] Preparing start region for level 0 (Seed: -7697595087270304427)
2018-04-01 17:09:22 [INFO] Preparing start region for level 1 (Seed: -7697595087270304427)
2018-04-01 17:09:23 [INFO] Preparing start region for level 2 (Seed: -7697595087270304427)
2018-04-01 17:09:23 [INFO] [RaspberryJuice] Enabling RaspberryJuice v1.3
2018-04-01 17:09:23 [INFO] Server permissions file permissions.yml is empty, ignoring it
2018-04-01 17:09:23 [INFO] Done (1.412s)! For help, type "help" or "?"
2018-04-01 17:09:53 [INFO] mygame[/127.0.0.1:57359] logged in with entity id 63 at ([world] 103.0, 62.0, 324.0)
2018-04-01 17:17:10 [INFO] Connection reset
2018-04-01 17:17:10 [INFO] mygame lost connection: disconnect.endOfStream
2018-04-01 17:17:10 [INFO] ¡ìemygame left the game.
2018-04-01 17:30:05 [INFO] Starting minecraft server version 1.6.4
2018-04-01 17:30:05 [INFO] Loading properties
2018-04-01 17:30:05 [INFO] Default game type: CREATIVE
2018-04-01 17:30:05 [INFO] Generating keypair
2018-04-01 17:30:06 [INFO] Starting Minecraft server on *:25565
2018-04-01 17:30:06 [INFO] This server is running CraftBukkit version git-Bukkit-1.6.4-R2.0-b2918jnks (MC: 1.6.4) (Implementing API version 1.6.4-R2.0)
2018-04-01 17:30:06 [INFO] [RaspberryJuice] Loading RaspberryJuice v1.3
2018-04-01 17:30:06 [WARNING] **** SERVER IS RUNNING IN OFFLINE/INSECURE MODE!
2018-04-01 17:30:06 [WARNING] The server will make no attempt to authenticate usernames. Beware.
2018-04-01 17:30:06 [WARNING] While this makes the game possible to play without internet access, it also opens up the ability for hackers to connect with any username they choose.
2018-04-01 17:30:06 [WARNING] To change this, set "online-mode" to "true" in the server.properties file.
2018-04-01 17:30:06 [INFO] Preparing level "world"
2018-04-01 17:30:06 [INFO] Preparing start region for level 0 (Seed: -7697595087270304427)
2018-04-01 17:30:07 [INFO] Preparing start region for level 1 (Seed: -7697595087270304427)
2018-04-01 17:30:07 [INFO] Preparing start region for level 2 (Seed: -7697595087270304427)
2018-04-01 17:30:08 [INFO] [RaspberryJuice] Enabling RaspberryJuice v1.3
2018-04-01 17:30:08 [INFO] Server permissions file permissions.yml is empty, ignoring it
2018-04-01 17:30:08 [INFO] Done (1.616s)! For help, type "help" or "?"
2018-04-01 17:30:35 [INFO] mygame[/127.0.0.1:57997] logged in with entity id 59 at ([world] 103.0, 62.0, 324.0)
2018-04-01 17:30:59 [INFO] Connection reset
2018-04-01 17:30:59 [INFO] mygame lost connection: disconnect.endOfStream
2018-04-01 17:30:59 [INFO] ¡ìemygame left the game.
