2013-10-13 19:46:41 [SERVER] [INFO] Starting integrated minecraft server version 1.6.4
2013-10-13 19:46:41 [SERVER] [INFO] Generating keypair
2013-10-13 19:46:42 [SERVER] [INFO] Converting map!
2013-10-13 19:46:42 [SERVER] [INFO] Scanning folders...
2013-10-13 19:46:42 [SERVER] [INFO] Total conversion count is 0
2013-10-13 19:46:42 [SERVER] [INFO] Preparing start region for level 0
2013-10-13 19:46:43 [SERVER] [INFO] Preparing spawn area: 14%
2013-10-13 19:46:44 [SERVER] [INFO] Preparing spawn area: 40%
2013-10-13 19:46:45 [SERVER] [INFO] Preparing spawn area: 70%
2013-10-13 19:46:46 [SERVER] [INFO] Damage Indicators was unable to check for updates!
2013-10-13 19:46:46 [SERVER] [INFO] 2333[/127.0.0.1:0] logged in with entity id 375 at (5.5, 70.0, 259.5)
2013-10-13 19:46:46 [SERVER] [INFO] 2333 加入了游戏
2013-10-13 19:46:56 [SERVER] [INFO] Saving and pausing game...
2013-10-13 19:46:56 [SERVER] [INFO] Saving chunks for level '新的世界'/Overworld
2013-10-13 19:46:56 [SERVER] [INFO] Saving chunks for level '新的世界'/Nether
2013-10-13 19:46:56 [SERVER] [INFO] Saving chunks for level '新的世界'/The End
2013-10-13 19:47:05 [SERVER] [INFO] Saving and pausing game...
2013-10-13 19:47:05 [SERVER] [INFO] Saving chunks for level '新的世界'/Overworld
2013-10-13 19:47:05 [SERVER] [INFO] Saving chunks for level '新的世界'/Nether
2013-10-13 19:47:05 [SERVER] [INFO] Saving chunks for level '新的世界'/The End
2013-10-13 19:49:03 [SERVER] [INFO] Saving and pausing game...
2013-10-13 19:49:03 [SERVER] [INFO] Saving chunks for level '新的世界'/Overworld
2013-10-13 19:49:03 [SERVER] [INFO] Saving chunks for level '新的世界'/Nether
2013-10-13 19:49:03 [SERVER] [INFO] Saving chunks for level '新的世界'/The End
2013-10-13 19:49:24 [SERVER] [INFO] Saving and pausing game...
2013-10-13 19:49:24 [SERVER] [INFO] Saving chunks for level '新的世界'/Overworld
2013-10-13 19:49:24 [SERVER] [INFO] Saving chunks for level '新的世界'/Nether
2013-10-13 19:49:24 [SERVER] [INFO] Saving chunks for level '新的世界'/The End
2013-10-13 19:49:27 [SERVER] [INFO] Saving and pausing game...
2013-10-13 19:49:27 [SERVER] [INFO] Saving chunks for level '新的世界'/Overworld
2013-10-13 19:49:27 [SERVER] [INFO] Saving chunks for level '新的世界'/Nether
2013-10-13 19:49:27 [SERVER] [INFO] Saving chunks for level '新的世界'/The End
2013-10-13 19:49:36 [SERVER] [INFO] Saving and pausing game...
2013-10-13 19:49:36 [SERVER] [INFO] Saving chunks for level '新的世界'/Overworld
2013-10-13 19:49:36 [SERVER] [INFO] Saving chunks for level '新的世界'/Nether
2013-10-13 19:49:36 [SERVER] [INFO] Saving chunks for level '新的世界'/The End
2013-10-13 19:49:44 [SERVER] [INFO] Saving and pausing game...
2013-10-13 19:49:44 [SERVER] [INFO] Saving chunks for level '新的世界'/Overworld
2013-10-13 19:49:44 [SERVER] [INFO] Saving chunks for level '新的世界'/Nether
2013-10-13 19:49:44 [SERVER] [INFO] Saving chunks for level '新的世界'/The End
2013-10-13 19:50:09 [SERVER] [INFO] Saving and pausing game...
2013-10-13 19:50:09 [SERVER] [INFO] Saving chunks for level '新的世界'/Overworld
2013-10-13 19:50:09 [SERVER] [INFO] Saving chunks for level '新的世界'/Nether
2013-10-13 19:50:09 [SERVER] [INFO] Saving chunks for level '新的世界'/The End
2013-10-13 19:50:23 [SERVER] [INFO] Saving and pausing game...
2013-10-13 19:50:23 [SERVER] [INFO] Saving chunks for level '新的世界'/Overworld
2013-10-13 19:50:23 [SERVER] [INFO] Saving chunks for level '新的世界'/Nether
2013-10-13 19:50:23 [SERVER] [INFO] Saving chunks for level '新的世界'/The End
2013-10-13 19:50:54 [SERVER] [INFO] Saving and pausing game...
2013-10-13 19:50:54 [SERVER] [INFO] Saving chunks for level '新的世界'/Overworld
2013-10-13 19:50:54 [SERVER] [INFO] Saving chunks for level '新的世界'/Nether
2013-10-13 19:50:54 [SERVER] [INFO] Saving chunks for level '新的世界'/The End
2013-10-13 19:50:54 [SERVER] [INFO] Stopping server
2013-10-13 19:50:54 [SERVER] [INFO] Saving players
2013-10-13 19:50:54 [SERVER] [INFO] 2333 退出了游戏
2013-10-13 19:50:54 [SERVER] [INFO] Saving worlds
2013-10-13 19:50:54 [SERVER] [INFO] Saving chunks for level '新的世界'/Overworld
2013-10-13 19:50:54 [SERVER] [INFO] Saving chunks for level '新的世界'/Nether
2013-10-13 19:50:54 [SERVER] [INFO] Saving chunks for level '新的世界'/The End
